<?xml version="1.0" encoding="UTF-8"?>
<!-- Generated by org.testng.reporters.JUnitReportReporter -->
<testsuite skipped="0" hostname="DESKTOP-DHUQFVO" name="Test.Day4Test" tests="4" failures="0" timestamp="16 Mar 2020 16:28:00 GMT" time="32.934" errors="0">
  <testcase name="testCase04" time="7.849" classname="Test.Day4Test"/>
  <testcase name="testCase04" time="7.754" classname="Test.Day4Test"/>
  <testcase name="testCase04" time="8.769" classname="Test.Day4Test"/>
  <testcase name="testCase04" time="8.562" classname="Test.Day4Test"/>
</testsuite> <!-- Test.Day4Test -->
